Release 14.6 - xst P.68d (nt64)
Copyright (c) 1995-2013 Xilinx, Inc.  All rights reserved.
--> Parameter TMPDIR set to xst/projnav.tmp


Total REAL time to Xst completion: 1.00 secs
Total CPU time to Xst completion: 0.25 secs
 
--> Parameter xsthdpdir set to xst


Total REAL time to Xst completion: 1.00 secs
Total CPU time to Xst completion: 0.25 secs
 
--> Reading design: cntr_16.prj

TABLE OF CONTENTS
  1) Synthesis Options Summary
  2) HDL Compilation
  3) Design Hierarchy Analysis
  4) HDL Analysis
  5) HDL Synthesis
     5.1) HDL Synthesis Report
  6) Advanced HDL Synthesis
     6.1) Advanced HDL Synthesis Report
  7) Low Level Synthesis
  8) Partition Report
  9) Final Report
	9.1) Device utilization summary
	9.2) Partition Resource Summary
	9.3) TIMING REPORT


=========================================================================
*                      Synthesis Options Summary                        *
=========================================================================
---- Source Parameters
Input File Name                    : "cntr_16.prj"
Input Format                       : mixed
Ignore Synthesis Constraint File   : NO

---- Target Parameters
Output File Name                   : "cntr_16"
Output Format                      : NGC
Target Device                      : xc3s100e-5-vq100

---- Source Options
Top Module Name                    : cntr_16
Automatic FSM Extraction           : YES
FSM Encoding Algorithm             : Auto
Safe Implementation                : No
FSM Style                          : LUT
RAM Extraction                     : Yes
RAM Style                          : Auto
ROM Extraction                     : Yes
Mux Style                          : Auto
Decoder Extraction                 : YES
Priority Encoder Extraction        : Yes
Shift Register Extraction          : YES
Logical Shifter Extraction         : YES
XOR Collapsing                     : YES
ROM Style                          : Auto
Mux Extraction                     : Yes
Resource Sharing                   : YES
Asynchronous To Synchronous        : NO
Multiplier Style                   : Auto
Automatic Register Balancing       : No

---- Target Options
Add IO Buffers                     : YES
Global Maximum Fanout              : 500
Add Generic Clock Buffer(BUFG)     : 24
Register Duplication               : YES
Slice Packing                      : YES
Optimize Instantiated Primitives   : NO
Use Clock Enable                   : Yes
Use Synchronous Set                : Yes
Use Synchronous Reset              : Yes
Pack IO Registers into IOBs        : Auto
Equivalent register Removal        : YES

---- General Options
Optimization Goal                  : Speed
Optimization Effort                : 1
Keep Hierarchy                     : No
Netlist Hierarchy                  : As_Optimized
RTL Output                         : Yes
Global Optimization                : AllClockNets
Read Cores                         : YES
Write Timing Constraints           : NO
Cross Clock Analysis               : NO
Hierarchy Separator                : /
Bus Delimiter                      : <>
Case Specifier                     : Maintain
Slice Utilization Ratio            : 100
BRAM Utilization Ratio             : 100
Verilog 2001                       : YES
Auto BRAM Packing                  : NO
Slice Utilization Ratio Delta      : 5

=========================================================================


=========================================================================
*                          HDL Compilation                              *
=========================================================================
Compiling verilog file "cntr_16.v" in library work
Module <cntr_16> compiled
No errors in compilation
Analysis of file <"cntr_16.prj"> succeeded.
 

=========================================================================
*                     Design Hierarchy Analysis                         *
=========================================================================
Analyzing hierarchy for module <cntr_16> in library <work>.


=========================================================================
*                            HDL Analysis                               *
=========================================================================
Analyzing top module <cntr_16>.
Module <cntr_16> is correct for synthesis.
 

=========================================================================
*                           HDL Synthesis                               *
=========================================================================

Performing bidirectional port resolution...

Synthesizing Unit <cntr_16>.
    Related source file is "cntr_16.v".
    Found 16-bit up counter for signal <data>.
    Summary:
	inferred   1 Counter(s).
Unit <cntr_16> synthesized.


=========================================================================
HDL Synthesis Report

Macro Statistics
# Counters                                             : 1
 16-bit up counter                                     : 1

=========================================================================

=========================================================================
*                       Advanced HDL Synthesis                          *
=========================================================================


=========================================================================
Advanced HDL Synthesis Report

Macro Statistics
# Counters                                             : 1
 16-bit up counter                                     : 1

=========================================================================

=========================================================================
*                         Low Level Synthesis                           *
=========================================================================

Optimizing unit <cntr_16> ...

Mapping all equations...
Building and optimizing final netlist ...
Found area constraint ratio of 100 (+ 5) on block cntr_16, actual ratio is 0.

Final Macro Processing ...

=========================================================================
Final Register Report

Macro Statistics
# Registers                                            : 16
 Flip-Flops                                            : 16

=========================================================================

=========================================================================
*                           Partition Report                            *
=========================================================================

Partition Implementation Status
-------------------------------

  No Partitions were found in this design.

-------------------------------

=========================================================================
*                            Final Report                               *
=========================================================================
Final Results
RTL Top Level Output File Name     : cntr_16.ngr
Top Level Output File Name         : cntr_16
Output Format                      : NGC
Optimization Goal                  : Speed
Keep Hierarchy                     : No

Design Statistics
# IOs                              : 19

Cell Usage :
# BELS                             : 49
#      GND                         : 1
#      INV                         : 1
#      LUT1                        : 15
#      MUXCY                       : 15
#      VCC                         : 1
#      XORCY                       : 16
# FlipFlops/Latches                : 16
#      FDRE                        : 16
# Clock Buffers                    : 1
#      BUFGP                       : 1
# IO Buffers                       : 18
#      IBUF                        : 2
#      OBUF                        : 16
=========================================================================

Device utilization summary:
---------------------------

Selected Device : 3s100evq100-5 

 Number of Slices:                        8  out of    960     0%  
 Number of Slice Flip Flops:             16  out of   1920     0%  
 Number of 4 input LUTs:                 16  out of   1920     0%  
 Number of IOs:                          19
 Number of bonded IOBs:                  19  out of     66    28%  
 Number of GCLKs:                         1  out of     24     4%  

---------------------------
Partition Resource Summary:
---------------------------

  No Partitions were found in this design.

---------------------------


=========================================================================
TIMING REPORT

NOTE: THESE TIMING NUMBERS ARE ONLY A SYNTHESIS ESTIMATE.
      FOR ACCURATE TIMING INFORMATION PLEASE REFER TO THE TRACE REPORT
      GENERATED AFTER PLACE-and-ROUTE.

Clock Information:
------------------
-----------------------------------+------------------------+-------+
Clock Signal                       | Clock buffer(FF name)  | Load  |
-----------------------------------+------------------------+-------+
clk                                | BUFGP                  | 16    |
-----------------------------------+------------------------+-------+

Asynchronous Control Signals Information:
----------------------------------------
No asynchronous control signals found in this design

Timing Summary:
---------------
Speed Grade: -5

   Minimum period: 3.698ns (Maximum Frequency: 270.383MHz)
   Minimum input arrival time before clock: 2.780ns
   Maximum output required time after clock: 4.063ns
   Maximum combinational path delay: No path found

Timing Detail:
--------------
All values displayed in nanoseconds (ns)

=========================================================================
Timing constraint: Default period analysis for Clock 'clk'
  Clock period: 3.698ns (frequency: 270.383MHz)
  Total number of paths / destination ports: 136 / 16
-------------------------------------------------------------------------
Delay:               3.698ns (Levels of Logic = 16)
  Source:            data_14 (FF)
  Destination:       data_0 (FF)
  Source Clock:      clk rising
  Destination Clock: clk rising

  Data Path: data_14 to data_0
                                Gate     Net
    Cell:in->out      fanout   Delay   Delay  Logical Name (Net Name)
    ----------------------------------------  ------------
     FDRE:C->Q             2   0.514   0.532  data_14 (data_14)
     LUT1:I0->O            1   0.612   0.000  Mcount_data_cy<1>_rt (Mcount_data_cy<1>_rt)
     MUXCY:S->O            1   0.404   0.000  Mcount_data_cy<1> (Mcount_data_cy<1>)
     MUXCY:CI->O           1   0.051   0.000  Mcount_data_cy<2> (Mcount_data_cy<2>)
     MUXCY:CI->O           1   0.051   0.000  Mcount_data_cy<3> (Mcount_data_cy<3>)
     MUXCY:CI->O           1   0.051   0.000  Mcount_data_cy<4> (Mcount_data_cy<4>)
     MUXCY:CI->O           1   0.051   0.000  Mcount_data_cy<5> (Mcount_data_cy<5>)
     MUXCY:CI->O           1   0.051   0.000  Mcount_data_cy<6> (Mcount_data_cy<6>)
     MUXCY:CI->O           1   0.051   0.000  Mcount_data_cy<7> (Mcount_data_cy<7>)
     MUXCY:CI->O           1   0.051   0.000  Mcount_data_cy<8> (Mcount_data_cy<8>)
     MUXCY:CI->O           1   0.051   0.000  Mcount_data_cy<9> (Mcount_data_cy<9>)
     MUXCY:CI->O           1   0.051   0.000  Mcount_data_cy<10> (Mcount_data_cy<10>)
     MUXCY:CI->O           1   0.051   0.000  Mcount_data_cy<11> (Mcount_data_cy<11>)
     MUXCY:CI->O           1   0.051   0.000  Mcount_data_cy<12> (Mcount_data_cy<12>)
     MUXCY:CI->O           1   0.051   0.000  Mcount_data_cy<13> (Mcount_data_cy<13>)
     MUXCY:CI->O           0   0.051   0.000  Mcount_data_cy<14> (Mcount_data_cy<14>)
     XORCY:CI->O           1   0.699   0.000  Mcount_data_xor<15> (Result<15>)
     FDRE:D                    0.268          data_0
    ----------------------------------------
    Total                      3.698ns (3.167ns logic, 0.532ns route)
                                       (85.6% logic, 14.4% route)

=========================================================================
Timing constraint: Default OFFSET IN BEFORE for Clock 'clk'
  Total number of paths / destination ports: 32 / 32
-------------------------------------------------------------------------
Offset:              2.780ns (Levels of Logic = 1)
  Source:            rst (PAD)
  Destination:       data_15 (FF)
  Destination Clock: clk rising

  Data Path: rst to data_15
                                Gate     Net
    Cell:in->out      fanout   Delay   Delay  Logical Name (Net Name)
    ----------------------------------------  ------------
     IBUF:I->O            16   1.106   0.879  rst_IBUF (rst_IBUF)
     FDRE:R                    0.795          data_15
    ----------------------------------------
    Total                      2.780ns (1.901ns logic, 0.879ns route)
                                       (68.4% logic, 31.6% route)

=========================================================================
Timing constraint: Default OFFSET OUT AFTER for Clock 'clk'
  Total number of paths / destination ports: 16 / 16
-------------------------------------------------------------------------
Offset:              4.063ns (Levels of Logic = 1)
  Source:            data_0 (FF)
  Destination:       out<0> (PAD)
  Source Clock:      clk rising

  Data Path: data_0 to out<0>
                                Gate     Net
    Cell:in->out      fanout   Delay   Delay  Logical Name (Net Name)
    ----------------------------------------  ------------
     FDRE:C->Q             2   0.514   0.380  data_0 (data_0)
     OBUF:I->O                 3.169          out_0_OBUF (out<0>)
    ----------------------------------------
    Total                      4.063ns (3.683ns logic, 0.380ns route)
                                       (90.6% logic, 9.4% route)

=========================================================================


Total REAL time to Xst completion: 9.00 secs
Total CPU time to Xst completion: 8.92 secs
 
--> 

Total memory usage is 247324 kilobytes

Number of errors   :    0 (   0 filtered)
Number of warnings :    0 (   0 filtered)
Number of infos    :    0 (   0 filtered)

