ISim log file
Running: C:\dev\xilinx\mereshf\cntr_16_test_isim_beh.exe -intstyle ise -gui -tclbatch isim.cmd -wdb C:/dev/xilinx/mereshf/cntr_16_test_isim_beh.wdb 
ISim P.68d (signature 0x7708f090)
WARNING: A WEBPACK license was found.
WARNING: Please use Xilinx License Configuration Manager to check out a full ISim license.
WARNING: ISim will run in Lite mode. Please refer to the ISim documentation for more information on the differences between the Lite and the Full version.
This is a Lite version of ISim.
Time resolution is 1 ps
# onerror resume
# wave add /
# run 1000 ns
Simulator is doing circuit initialization process.
Finished circuit initialization process.
# run 100.00us
ISim P.68d (signature 0x7708f090)
WARNING: A WEBPACK license was found.
WARNING: Please use Xilinx License Configuration Manager to check out a full ISim license.
WARNING: ISim will run in Lite mode. Please refer to the ISim documentation for more information on the differences between the Lite and the Full version.
This is a Lite version of ISim.
# run 1000 ns
Simulator is doing circuit initialization process.
Finished circuit initialization process.
ISim P.68d (signature 0x7708f090)
WARNING: A WEBPACK license was found.
WARNING: Please use Xilinx License Configuration Manager to check out a full ISim license.
WARNING: ISim will run in Lite mode. Please refer to the ISim documentation for more information on the differences between the Lite and the Full version.
This is a Lite version of ISim.
# run 1000 ns
Simulator is doing circuit initialization process.
Finished circuit initialization process.
ISim P.68d (signature 0x7708f090)
WARNING: A WEBPACK license was found.
WARNING: Please use Xilinx License Configuration Manager to check out a full ISim license.
WARNING: ISim will run in Lite mode. Please refer to the ISim documentation for more information on the differences between the Lite and the Full version.
This is a Lite version of ISim.
# run 1000 ns
Simulator is doing circuit initialization process.
Finished circuit initialization process.
# step
Stopped at time : 1005 ns : File "C:/dev/xilinx/mereshf/cntr_16_test.v" Line 61
# step
Stopped at time : 1005 ns : File "C:/dev/xilinx/mereshf/cntr_16_test.v" Line 60
# step
Stopped at time : 1005 ns : File "C:/dev/xilinx/mereshf/cntr_16.v" Line 32
# step
Stopped at time : 1005 ns : File "C:/dev/xilinx/mereshf/cntr_16.v" Line 33
# step
Stopped at time : 1005 ns : File "C:/dev/xilinx/mereshf/cntr_16.v" Line 35
# step
Stopped at time : 1005 ns : File "C:/dev/xilinx/mereshf/cntr_16.v" Line 36
# step
Stopped at time : 1005 ns : File "C:/dev/xilinx/mereshf/cntr_16.v" Line 32
# step
Stopped at time : 1005 ns : File "C:/dev/xilinx/mereshf/cntr_16.v" Line 30
# step
Stopped at time : 1010 ns : File "C:/dev/xilinx/mereshf/cntr_16_test.v" Line 61
# step
Stopped at time : 1010 ns : File "C:/dev/xilinx/mereshf/cntr_16_test.v" Line 60
# run 1ms
ISim P.68d (signature 0x7708f090)
WARNING: A WEBPACK license was found.
WARNING: Please use Xilinx License Configuration Manager to check out a full ISim license.
WARNING: ISim will run in Lite mode. Please refer to the ISim documentation for more information on the differences between the Lite and the Full version.
This is a Lite version of ISim.
# run 1000 ns
Simulator is doing circuit initialization process.
Finished circuit initialization process.
# restart
# restart
# restart
ISim P.68d (signature 0x7708f090)
WARNING: A WEBPACK license was found.
WARNING: Please use Xilinx License Configuration Manager to check out a full ISim license.
WARNING: ISim will run in Lite mode. Please refer to the ISim documentation for more information on the differences between the Lite and the Full version.
This is a Lite version of ISim.
# run 1000 ns
Simulator is doing circuit initialization process.
Finished circuit initialization process.
